c:\users\jakub\desktop\mff-stuff\compilers\framework\build.vc141\mlaskallib.x64.debug\mlaskallib.pdb
c:\users\jakub\desktop\mff-stuff\compilers\framework\build.vc141\mlaskallib.x64.debug\mlaskallib.idb
c:\users\jakub\desktop\mff-stuff\compilers\framework\build.vc141\mlaskallib.x64.debug\uid_gen.obj
c:\users\jakub\desktop\mff-stuff\compilers\framework\build.vc141\mlaskallib.x64.debug\labeled_icblock.obj
c:\users\jakub\desktop\mff-stuff\compilers\framework\build.vc141\mlaskallib.x64.debug\ic_instr.obj
c:\users\jakub\desktop\mff-stuff\compilers\framework\build.vc141\mlaskallib.x64.debug\icm_machine.obj
c:\users\jakub\desktop\mff-stuff\compilers\framework\build.vc141\mlaskallib.x64.debug\icexcept.obj
c:\users\jakub\desktop\mff-stuff\compilers\framework\build.vc141\mlaskallib.x64.debug\gen_mops.obj
c:\users\jakub\desktop\mff-stuff\compilers\framework\build.vc141\mlaskallib.x64.debug\gen_machines.obj
c:\users\jakub\desktop\mff-stuff\compilers\framework\build.vc141\mlaskallib.x64.debug\gen_instr_decode.obj
c:\users\jakub\desktop\mff-stuff\compilers\framework\build.vc141\mlaskallib.x64.debug\gen_icinstrtab.obj
c:\users\jakub\desktop\mff-stuff\compilers\framework\build.vc141\mlaskallib.x64.debug\gen_icfactory.obj
c:\users\jakub\desktop\mff-stuff\compilers\framework\build.vc141\mlaskallib.x64.debug\gen_aifactory.obj
c:\users\jakub\desktop\mff-stuff\compilers\framework\build.vc141\mlaskallib.x64.debug\flat_icblock.obj
c:\users\jakub\desktop\mff-stuff\compilers\framework\build.vc141\mlaskallib.x64.debug\dutables.obj
c:\users\jakub\desktop\mff-stuff\compilers\framework\build.vc141\mlaskallib.x64.debug\dusememptyerrtab.obj
c:\users\jakub\desktop\mff-stuff\compilers\framework\build.vc141\mlaskallib.x64.debug\duerr.obj
c:\users\jakub\desktop\mff-stuff\compilers\framework\build.vc141\mlaskallib.x64.debug\abstract_ic.obj
c:\users\jakub\desktop\mff-stuff\compilers\framework\build.vc141\mlaskallib.x64.debug\mlaskallib.lib
c:\users\jakub\desktop\mff-stuff\compilers\framework\build.vc141\mlaskallib.x64.debug\mlaskallib.tlog\cl.command.1.tlog
c:\users\jakub\desktop\mff-stuff\compilers\framework\build.vc141\mlaskallib.x64.debug\mlaskallib.tlog\cl.read.1.tlog
c:\users\jakub\desktop\mff-stuff\compilers\framework\build.vc141\mlaskallib.x64.debug\mlaskallib.tlog\cl.write.1.tlog
c:\users\jakub\desktop\mff-stuff\compilers\framework\build.vc141\mlaskallib.x64.debug\mlaskallib.tlog\lib-link.read.1.tlog
c:\users\jakub\desktop\mff-stuff\compilers\framework\build.vc141\mlaskallib.x64.debug\mlaskallib.tlog\lib-link.write.1.tlog
c:\users\jakub\desktop\mff-stuff\compilers\framework\build.vc141\mlaskallib.x64.debug\mlaskallib.tlog\lib.command.1.tlog
