Terminals unused in grammar

   ARRAY
   OF
   DOTDOT
   LSBRA
   RSBRA


Grammar

    0 $accept: mlaskal "end of file"

    1 mlaskal: PROGRAM IDENTIFIER SEMICOLON block_p DOT

    2 block_common: block_p1_opt block_p2_opt block_p3_opt block_p4_opt

    3 body: BEGIN statement_list_opt END

    4 block_p: block_common block_p5_opt body

    5 block: block_common body

    6 block_p1_opt: %empty
    7             | LABEL uint_list_1 SEMICOLON

    8 block_p2_opt: %empty
    9             | CONST block_p2_list

   10 block_p2_list: block_p2_list IDENTIFIER EQ constant SEMICOLON
   11              | IDENTIFIER EQ constant SEMICOLON

   12 block_p3_opt: %empty
   13             | TYPE block_p3_list

   14 block_p3_list: block_p3_list IDENTIFIER EQ type SEMICOLON
   15              | IDENTIFIER EQ type SEMICOLON

   16 block_p4_opt: %empty
   17             | VAR block_p4_list

   18 block_p4_list: block_p4_list identifier_list_1 COLON IDENTIFIER SEMICOLON
   19              | identifier_list_1 COLON IDENTIFIER SEMICOLON

   20 block_p5_opt: %empty
   21             | block_p5_opt procedure_header block proc_func_end
   22             | block_p5_opt function_header block proc_func_end

   23 proc_func_end: SEMICOLON

   24 uint_list_1: UINT uint_next

   25 uint_next: %empty
   26          | COMMA UINT uint_next

   27 constant: unsigned_constant
   28         | OPER_SIGNADD UINT
   29         | OPER_SIGNADD REAL

   30 unsigned_constant: UINT
   31                  | REAL
   32                  | STRING
   33                  | IDENTIFIER

   34 pm_opt: %empty
   35       | OPER_SIGNADD

   36 boolean_expression: expression

   37 ordinal_expression: expression

   38 expression_cmp: EQ
   39               | OPER_REL

   40 expression: simple_expression expression_next

   41 expression_next: %empty
   42                | expression_cmp simple_expression

   43 simple_expression: pm_opt term simple_expression_next

   44 simple_expression_bin_op: OPER_SIGNADD
   45                         | OR

   46 simple_expression_next: %empty
   47                       | simple_expression_bin_op term simple_expression_next

   48 term: factor term_next

   49 term_next: %empty
   50          | OPER_MUL factor term_next

   51 factor: variable
   52       | IDENTIFIER factor_parameters_opt
   53       | LPAR expression RPAR
   54       | NOT factor
   55       | UINT
   56       | REAL
   57       | STRING

   58 factor_parameters_opt: %empty
   59                      | LPAR real_parameters RPAR

   60 real_parameters: expression real_parameters_next

   61 real_parameters_next: %empty
   62                     | COMMA expression real_parameters_next

   63 variable: variable DOT IDENTIFIER
   64         | IDENTIFIER DOT IDENTIFIER

   65 statement: UINT COLON stmt_1
   66          | stmt_1
   67          | IDENTIFIER factor_parameters_opt
   68          | GOTO UINT
   69          | BEGIN statement_list_opt END
   70          | IF boolean_expression THEN statement ELSE statement
   71          | IF boolean_expression THEN statement
   72          | WHILE boolean_expression DO statement
   73          | REPEAT statement_list_opt UNTIL boolean_expression
   74          | FOR IDENTIFIER ASSIGN ordinal_expression FOR_DIRECTION ordinal_expression DO statement

   75 statement_list_opt: %empty
   76                   | statements

   77 statements: statement SEMICOLON statements
   78           | statement semicolon_string_opt

   79 semicolon_string_opt: %empty
   80                     | SEMICOLON

   81 stmt_1: variable ASSIGN expression
   82       | IDENTIFIER ASSIGN expression

   83 identifier_list_1: IDENTIFIER identifier_next

   84 identifier_next: %empty
   85                | COMMA IDENTIFIER identifier_next

   86 field_list: field_list SEMICOLON identifier_list_1 COLON IDENTIFIER
   87           | identifier_list_1 COLON IDENTIFIER

   88 structured_type_3: RECORD field_list SEMICOLON END
   89                  | RECORD field_list END
   90                  | RECORD END

   91 type: IDENTIFIER
   92     | structured_type_3

   93 procedure_header: PROCEDURE IDENTIFIER method_parameters_opt SEMICOLON

   94 function_header: FUNCTION IDENTIFIER method_parameters_opt COLON IDENTIFIER SEMICOLON

   95 method_parameters_opt: %empty
   96                      | LPAR formal_parameters RPAR

   97 formal_parameters: formal_parameters SEMICOLON var_string_opt identifier_list_1 COLON IDENTIFIER
   98                  | var_string_opt identifier_list_1 COLON IDENTIFIER

   99 var_string_opt: %empty
  100               | VAR


Terminals, with rules where they appear

"end of file" (0) 0
error (256)
PROGRAM (258) 1
LABEL (259) 7
CONST (260) 9
TYPE (261) 13
VAR (262) 17 100
BEGIN (263) 3 69
END (264) 3 69 88 89 90
PROCEDURE (265) 93
FUNCTION (266) 94
ARRAY (267)
OF (268)
GOTO (269) 68
IF (270) 70 71
THEN (271) 70 71
ELSE (272) 70
WHILE (273) 72
DO (274) 72 74
REPEAT (275) 73
UNTIL (276) 73
FOR (277) 74
OR (278) 45
NOT (279) 54
RECORD (280) 88 89 90
IDENTIFIER <mlc::ls_id_index> (281) 1 10 11 14 15 18 19 33 52 63 64
    67 74 82 83 85 86 87 91 93 94 97 98
UINT <mlc::ls_int_index> (282) 24 26 28 30 55 65 68
REAL <mlc::ls_real_index> (283) 29 31 56
STRING <mlc::ls_str_index> (284) 32 57
SEMICOLON (285) 1 7 10 11 14 15 18 19 23 77 80 86 88 93 94 97
DOT (286) 1 63 64
COMMA (287) 26 62 85
EQ (288) 10 11 14 15 38
COLON (289) 18 19 65 86 87 94 97 98
LPAR (290) 53 59 96
RPAR (291) 53 59 96
DOTDOT (292)
LSBRA (293)
RSBRA (294)
ASSIGN (295) 74 81 82
OPER_REL <mlc::DUTOKGE_OPER_REL> (296) 39
OPER_SIGNADD <mlc::DUTOKGE_OPER_SIGNADD> (297) 28 29 35 44
OPER_MUL <mlc::DUTOKGE_OPER_MUL> (298) 50
FOR_DIRECTION <mlc::DUTOKGE_FOR_DIRECTION> (299) 74


Nonterminals, with rules where they appear

$accept (45)
    on left: 0
mlaskal (46)
    on left: 1, on right: 0
block_common (47)
    on left: 2, on right: 4 5
body (48)
    on left: 3, on right: 4 5
block_p (49)
    on left: 4, on right: 1
block (50)
    on left: 5, on right: 21 22
block_p1_opt (51)
    on left: 6 7, on right: 2
block_p2_opt (52)
    on left: 8 9, on right: 2
block_p2_list (53)
    on left: 10 11, on right: 9 10
block_p3_opt (54)
    on left: 12 13, on right: 2
block_p3_list (55)
    on left: 14 15, on right: 13 14
block_p4_opt (56)
    on left: 16 17, on right: 2
block_p4_list (57)
    on left: 18 19, on right: 17 18
block_p5_opt (58)
    on left: 20 21 22, on right: 4 21 22
proc_func_end (59)
    on left: 23, on right: 21 22
uint_list_1 <std::deque<mlc::ls_int_index>> (60)
    on left: 24, on right: 7
uint_next <std::deque<mlc::ls_int_index>> (61)
    on left: 25 26, on right: 24 26
constant <std::variant<mlc::ls_int_index
                  , mlc::ls_real_index
                  , mlc::ls_str_index
                  , std::tuple<mlc::DUTOKGE_OPER_SIGNADD, mlc::ls_int_index>
                  , std::tuple<mlc::DUTOKGE_OPER_SIGNADD, mlc::ls_real_index>
                  , bool
                   >
      > (62)
    on left: 27 28 29, on right: 10 11
unsigned_constant <std::variant<mlc::ls_int_index
                  , mlc::ls_real_index
                  , mlc::ls_str_index
                  , std::tuple<mlc::DUTOKGE_OPER_SIGNADD, mlc::ls_int_index>
                  , std::tuple<mlc::DUTOKGE_OPER_SIGNADD, mlc::ls_real_index>
                  , bool
                   >
      > (63)
    on left: 30 31 32 33, on right: 27
pm_opt (64)
    on left: 34 35, on right: 43
boolean_expression (65)
    on left: 36, on right: 70 71 72 73
ordinal_expression (66)
    on left: 37, on right: 74
expression_cmp (67)
    on left: 38 39, on right: 42
expression (68)
    on left: 40, on right: 36 37 53 60 62 81 82
expression_next (69)
    on left: 41 42, on right: 40
simple_expression (70)
    on left: 43, on right: 40 42
simple_expression_bin_op (71)
    on left: 44 45, on right: 47
simple_expression_next (72)
    on left: 46 47, on right: 43 47
term (73)
    on left: 48, on right: 43 47
term_next (74)
    on left: 49 50, on right: 48 50
factor (75)
    on left: 51 52 53 54 55 56 57, on right: 48 50 54
factor_parameters_opt (76)
    on left: 58 59, on right: 52 67
real_parameters (77)
    on left: 60, on right: 59
real_parameters_next (78)
    on left: 61 62, on right: 60 62
variable (79)
    on left: 63 64, on right: 51 63 81
statement (80)
    on left: 65 66 67 68 69 70 71 72 73 74, on right: 70 71 72 74 77
    78
statement_list_opt (81)
    on left: 75 76, on right: 3 69 73
statements (82)
    on left: 77 78, on right: 76 77
semicolon_string_opt (83)
    on left: 79 80, on right: 78
stmt_1 (84)
    on left: 81 82, on right: 65 66
identifier_list_1 <std::deque<mlc::ls_id_index>> (85)
    on left: 83, on right: 18 19 86 87 97 98
identifier_next <std::deque<mlc::ls_id_index>> (86)
    on left: 84 85, on right: 83 85
field_list <
      //  collection of                       vars               type
        std::vector<std::tuple< std::deque<mlc::ls_id_index>, mlc::ls_id_index > >
     > (87)
    on left: 86 87, on right: 86 88 89
structured_type_3 <
      //  collection of                       vars               type
        std::vector<std::tuple< std::deque<mlc::ls_id_index>, mlc::ls_id_index > >
     > (88)
    on left: 88 89 90, on right: 92
type <
        std::variant< std::vector<std::tuple< std::deque<mlc::ls_id_index>, mlc::ls_id_index > >
                    , mlc::ls_id_index
                    >
     > (89)
    on left: 91 92, on right: 14 15
procedure_header (90)
    on left: 93, on right: 21
function_header (91)
    on left: 94, on right: 22
method_parameters_opt < 
                          //pass by val,ref     identifiers               type
        std::vector< std::tuple< bool, std::deque<mlc::ls_id_index>, mlc::ls_id_index > >
     > (92)
    on left: 95 96, on right: 93 94
formal_parameters < 
                          //pass by val,ref     identifiers               type
        std::vector< std::tuple< bool, std::deque<mlc::ls_id_index>, mlc::ls_id_index > >
     > (93)
    on left: 97 98, on right: 96 97
var_string_opt <bool> (94)
    on left: 99 100, on right: 97 98


State 0

    0 $accept: . mlaskal "end of file"

    PROGRAM  shift, and go to state 1

    mlaskal  go to state 2


State 1

    1 mlaskal: PROGRAM . IDENTIFIER SEMICOLON block_p DOT

    IDENTIFIER  shift, and go to state 3


State 2

    0 $accept: mlaskal . "end of file"

    "end of file"  shift, and go to state 4


State 3

    1 mlaskal: PROGRAM IDENTIFIER . SEMICOLON block_p DOT

    SEMICOLON  shift, and go to state 5


State 4

    0 $accept: mlaskal "end of file" .

    $default  accept


State 5

    1 mlaskal: PROGRAM IDENTIFIER SEMICOLON . block_p DOT

    LABEL  shift, and go to state 6

    $default  reduce using rule 6 (block_p1_opt)

    block_common  go to state 7
    block_p       go to state 8
    block_p1_opt  go to state 9


State 6

    7 block_p1_opt: LABEL . uint_list_1 SEMICOLON

    UINT  shift, and go to state 10

    uint_list_1  go to state 11


State 7

    4 block_p: block_common . block_p5_opt body

    $default  reduce using rule 20 (block_p5_opt)

    block_p5_opt  go to state 12


State 8

    1 mlaskal: PROGRAM IDENTIFIER SEMICOLON block_p . DOT

    DOT  shift, and go to state 13


State 9

    2 block_common: block_p1_opt . block_p2_opt block_p3_opt block_p4_opt

    CONST  shift, and go to state 14

    $default  reduce using rule 8 (block_p2_opt)

    block_p2_opt  go to state 15


State 10

   24 uint_list_1: UINT . uint_next

    COMMA  shift, and go to state 16

    $default  reduce using rule 25 (uint_next)

    uint_next  go to state 17


State 11

    7 block_p1_opt: LABEL uint_list_1 . SEMICOLON

    SEMICOLON  shift, and go to state 18


State 12

    4 block_p: block_common block_p5_opt . body
   21 block_p5_opt: block_p5_opt . procedure_header block proc_func_end
   22             | block_p5_opt . function_header block proc_func_end

    BEGIN      shift, and go to state 19
    PROCEDURE  shift, and go to state 20
    FUNCTION   shift, and go to state 21

    body              go to state 22
    procedure_header  go to state 23
    function_header   go to state 24


State 13

    1 mlaskal: PROGRAM IDENTIFIER SEMICOLON block_p DOT .

    $default  reduce using rule 1 (mlaskal)


State 14

    9 block_p2_opt: CONST . block_p2_list

    IDENTIFIER  shift, and go to state 25

    block_p2_list  go to state 26


State 15

    2 block_common: block_p1_opt block_p2_opt . block_p3_opt block_p4_opt

    TYPE  shift, and go to state 27

    $default  reduce using rule 12 (block_p3_opt)

    block_p3_opt  go to state 28


State 16

   26 uint_next: COMMA . UINT uint_next

    UINT  shift, and go to state 29


State 17

   24 uint_list_1: UINT uint_next .

    $default  reduce using rule 24 (uint_list_1)


State 18

    7 block_p1_opt: LABEL uint_list_1 SEMICOLON .

    $default  reduce using rule 7 (block_p1_opt)


State 19

    3 body: BEGIN . statement_list_opt END

    BEGIN       shift, and go to state 30
    GOTO        shift, and go to state 31
    IF          shift, and go to state 32
    WHILE       shift, and go to state 33
    REPEAT      shift, and go to state 34
    FOR         shift, and go to state 35
    IDENTIFIER  shift, and go to state 36
    UINT        shift, and go to state 37

    $default  reduce using rule 75 (statement_list_opt)

    variable            go to state 38
    statement           go to state 39
    statement_list_opt  go to state 40
    statements          go to state 41
    stmt_1              go to state 42


State 20

   93 procedure_header: PROCEDURE . IDENTIFIER method_parameters_opt SEMICOLON

    IDENTIFIER  shift, and go to state 43


State 21

   94 function_header: FUNCTION . IDENTIFIER method_parameters_opt COLON IDENTIFIER SEMICOLON

    IDENTIFIER  shift, and go to state 44


State 22

    4 block_p: block_common block_p5_opt body .

    $default  reduce using rule 4 (block_p)


State 23

   21 block_p5_opt: block_p5_opt procedure_header . block proc_func_end

    LABEL  shift, and go to state 6

    $default  reduce using rule 6 (block_p1_opt)

    block_common  go to state 45
    block         go to state 46
    block_p1_opt  go to state 9


State 24

   22 block_p5_opt: block_p5_opt function_header . block proc_func_end

    LABEL  shift, and go to state 6

    $default  reduce using rule 6 (block_p1_opt)

    block_common  go to state 45
    block         go to state 47
    block_p1_opt  go to state 9


State 25

   11 block_p2_list: IDENTIFIER . EQ constant SEMICOLON

    EQ  shift, and go to state 48


State 26

    9 block_p2_opt: CONST block_p2_list .
   10 block_p2_list: block_p2_list . IDENTIFIER EQ constant SEMICOLON

    IDENTIFIER  shift, and go to state 49

    $default  reduce using rule 9 (block_p2_opt)


State 27

   13 block_p3_opt: TYPE . block_p3_list

    IDENTIFIER  shift, and go to state 50

    block_p3_list  go to state 51


State 28

    2 block_common: block_p1_opt block_p2_opt block_p3_opt . block_p4_opt

    VAR  shift, and go to state 52

    $default  reduce using rule 16 (block_p4_opt)

    block_p4_opt  go to state 53


State 29

   26 uint_next: COMMA UINT . uint_next

    COMMA  shift, and go to state 16

    $default  reduce using rule 25 (uint_next)

    uint_next  go to state 54


State 30

   69 statement: BEGIN . statement_list_opt END

    BEGIN       shift, and go to state 30
    GOTO        shift, and go to state 31
    IF          shift, and go to state 32
    WHILE       shift, and go to state 33
    REPEAT      shift, and go to state 34
    FOR         shift, and go to state 35
    IDENTIFIER  shift, and go to state 36
    UINT        shift, and go to state 37

    $default  reduce using rule 75 (statement_list_opt)

    variable            go to state 38
    statement           go to state 39
    statement_list_opt  go to state 55
    statements          go to state 41
    stmt_1              go to state 42


State 31

   68 statement: GOTO . UINT

    UINT  shift, and go to state 56


State 32

   70 statement: IF . boolean_expression THEN statement ELSE statement
   71          | IF . boolean_expression THEN statement

    OPER_SIGNADD  shift, and go to state 57

    $default  reduce using rule 34 (pm_opt)

    pm_opt              go to state 58
    boolean_expression  go to state 59
    expression          go to state 60
    simple_expression   go to state 61


State 33

   72 statement: WHILE . boolean_expression DO statement

    OPER_SIGNADD  shift, and go to state 57

    $default  reduce using rule 34 (pm_opt)

    pm_opt              go to state 58
    boolean_expression  go to state 62
    expression          go to state 60
    simple_expression   go to state 61


State 34

   73 statement: REPEAT . statement_list_opt UNTIL boolean_expression

    BEGIN       shift, and go to state 30
    GOTO        shift, and go to state 31
    IF          shift, and go to state 32
    WHILE       shift, and go to state 33
    REPEAT      shift, and go to state 34
    FOR         shift, and go to state 35
    IDENTIFIER  shift, and go to state 36
    UINT        shift, and go to state 37

    $default  reduce using rule 75 (statement_list_opt)

    variable            go to state 38
    statement           go to state 39
    statement_list_opt  go to state 63
    statements          go to state 41
    stmt_1              go to state 42


State 35

   74 statement: FOR . IDENTIFIER ASSIGN ordinal_expression FOR_DIRECTION ordinal_expression DO statement

    IDENTIFIER  shift, and go to state 64


State 36

   64 variable: IDENTIFIER . DOT IDENTIFIER
   67 statement: IDENTIFIER . factor_parameters_opt
   82 stmt_1: IDENTIFIER . ASSIGN expression

    DOT     shift, and go to state 65
    LPAR    shift, and go to state 66
    ASSIGN  shift, and go to state 67

    $default  reduce using rule 58 (factor_parameters_opt)

    factor_parameters_opt  go to state 68


State 37

   65 statement: UINT . COLON stmt_1

    COLON  shift, and go to state 69


State 38

   63 variable: variable . DOT IDENTIFIER
   81 stmt_1: variable . ASSIGN expression

    DOT     shift, and go to state 70
    ASSIGN  shift, and go to state 71


State 39

   77 statements: statement . SEMICOLON statements
   78           | statement . semicolon_string_opt

    SEMICOLON  shift, and go to state 72

    $default  reduce using rule 79 (semicolon_string_opt)

    semicolon_string_opt  go to state 73


State 40

    3 body: BEGIN statement_list_opt . END

    END  shift, and go to state 74


State 41

   76 statement_list_opt: statements .

    $default  reduce using rule 76 (statement_list_opt)


State 42

   66 statement: stmt_1 .

    $default  reduce using rule 66 (statement)


State 43

   93 procedure_header: PROCEDURE IDENTIFIER . method_parameters_opt SEMICOLON

    LPAR  shift, and go to state 75

    $default  reduce using rule 95 (method_parameters_opt)

    method_parameters_opt  go to state 76


State 44

   94 function_header: FUNCTION IDENTIFIER . method_parameters_opt COLON IDENTIFIER SEMICOLON

    LPAR  shift, and go to state 75

    $default  reduce using rule 95 (method_parameters_opt)

    method_parameters_opt  go to state 77


State 45

    5 block: block_common . body

    BEGIN  shift, and go to state 19

    body  go to state 78


State 46

   21 block_p5_opt: block_p5_opt procedure_header block . proc_func_end

    SEMICOLON  shift, and go to state 79

    proc_func_end  go to state 80


State 47

   22 block_p5_opt: block_p5_opt function_header block . proc_func_end

    SEMICOLON  shift, and go to state 79

    proc_func_end  go to state 81


State 48

   11 block_p2_list: IDENTIFIER EQ . constant SEMICOLON

    IDENTIFIER    shift, and go to state 82
    UINT          shift, and go to state 83
    REAL          shift, and go to state 84
    STRING        shift, and go to state 85
    OPER_SIGNADD  shift, and go to state 86

    constant           go to state 87
    unsigned_constant  go to state 88


State 49

   10 block_p2_list: block_p2_list IDENTIFIER . EQ constant SEMICOLON

    EQ  shift, and go to state 89


State 50

   15 block_p3_list: IDENTIFIER . EQ type SEMICOLON

    EQ  shift, and go to state 90


State 51

   13 block_p3_opt: TYPE block_p3_list .
   14 block_p3_list: block_p3_list . IDENTIFIER EQ type SEMICOLON

    IDENTIFIER  shift, and go to state 91

    $default  reduce using rule 13 (block_p3_opt)


State 52

   17 block_p4_opt: VAR . block_p4_list

    IDENTIFIER  shift, and go to state 92

    block_p4_list      go to state 93
    identifier_list_1  go to state 94


State 53

    2 block_common: block_p1_opt block_p2_opt block_p3_opt block_p4_opt .

    $default  reduce using rule 2 (block_common)


State 54

   26 uint_next: COMMA UINT uint_next .

    $default  reduce using rule 26 (uint_next)


State 55

   69 statement: BEGIN statement_list_opt . END

    END  shift, and go to state 95


State 56

   68 statement: GOTO UINT .

    $default  reduce using rule 68 (statement)


State 57

   35 pm_opt: OPER_SIGNADD .

    $default  reduce using rule 35 (pm_opt)


State 58

   43 simple_expression: pm_opt . term simple_expression_next

    NOT         shift, and go to state 96
    IDENTIFIER  shift, and go to state 97
    UINT        shift, and go to state 98
    REAL        shift, and go to state 99
    STRING      shift, and go to state 100
    LPAR        shift, and go to state 101

    term      go to state 102
    factor    go to state 103
    variable  go to state 104


State 59

   70 statement: IF boolean_expression . THEN statement ELSE statement
   71          | IF boolean_expression . THEN statement

    THEN  shift, and go to state 105


State 60

   36 boolean_expression: expression .

    $default  reduce using rule 36 (boolean_expression)


State 61

   40 expression: simple_expression . expression_next

    EQ        shift, and go to state 106
    OPER_REL  shift, and go to state 107

    $default  reduce using rule 41 (expression_next)

    expression_cmp   go to state 108
    expression_next  go to state 109


State 62

   72 statement: WHILE boolean_expression . DO statement

    DO  shift, and go to state 110


State 63

   73 statement: REPEAT statement_list_opt . UNTIL boolean_expression

    UNTIL  shift, and go to state 111


State 64

   74 statement: FOR IDENTIFIER . ASSIGN ordinal_expression FOR_DIRECTION ordinal_expression DO statement

    ASSIGN  shift, and go to state 112


State 65

   64 variable: IDENTIFIER DOT . IDENTIFIER

    IDENTIFIER  shift, and go to state 113


State 66

   59 factor_parameters_opt: LPAR . real_parameters RPAR

    OPER_SIGNADD  shift, and go to state 57

    $default  reduce using rule 34 (pm_opt)

    pm_opt             go to state 58
    expression         go to state 114
    simple_expression  go to state 61
    real_parameters    go to state 115


State 67

   82 stmt_1: IDENTIFIER ASSIGN . expression

    OPER_SIGNADD  shift, and go to state 57

    $default  reduce using rule 34 (pm_opt)

    pm_opt             go to state 58
    expression         go to state 116
    simple_expression  go to state 61


State 68

   67 statement: IDENTIFIER factor_parameters_opt .

    $default  reduce using rule 67 (statement)


State 69

   65 statement: UINT COLON . stmt_1

    IDENTIFIER  shift, and go to state 117

    variable  go to state 38
    stmt_1    go to state 118


State 70

   63 variable: variable DOT . IDENTIFIER

    IDENTIFIER  shift, and go to state 119


State 71

   81 stmt_1: variable ASSIGN . expression

    OPER_SIGNADD  shift, and go to state 57

    $default  reduce using rule 34 (pm_opt)

    pm_opt             go to state 58
    expression         go to state 120
    simple_expression  go to state 61


State 72

   77 statements: statement SEMICOLON . statements
   80 semicolon_string_opt: SEMICOLON .

    BEGIN       shift, and go to state 30
    GOTO        shift, and go to state 31
    IF          shift, and go to state 32
    WHILE       shift, and go to state 33
    REPEAT      shift, and go to state 34
    FOR         shift, and go to state 35
    IDENTIFIER  shift, and go to state 36
    UINT        shift, and go to state 37

    $default  reduce using rule 80 (semicolon_string_opt)

    variable    go to state 38
    statement   go to state 39
    statements  go to state 121
    stmt_1      go to state 42


State 73

   78 statements: statement semicolon_string_opt .

    $default  reduce using rule 78 (statements)


State 74

    3 body: BEGIN statement_list_opt END .

    $default  reduce using rule 3 (body)


State 75

   96 method_parameters_opt: LPAR . formal_parameters RPAR

    VAR  shift, and go to state 122

    $default  reduce using rule 99 (var_string_opt)

    formal_parameters  go to state 123
    var_string_opt     go to state 124


State 76

   93 procedure_header: PROCEDURE IDENTIFIER method_parameters_opt . SEMICOLON

    SEMICOLON  shift, and go to state 125


State 77

   94 function_header: FUNCTION IDENTIFIER method_parameters_opt . COLON IDENTIFIER SEMICOLON

    COLON  shift, and go to state 126


State 78

    5 block: block_common body .

    $default  reduce using rule 5 (block)


State 79

   23 proc_func_end: SEMICOLON .

    $default  reduce using rule 23 (proc_func_end)


State 80

   21 block_p5_opt: block_p5_opt procedure_header block proc_func_end .

    $default  reduce using rule 21 (block_p5_opt)


State 81

   22 block_p5_opt: block_p5_opt function_header block proc_func_end .

    $default  reduce using rule 22 (block_p5_opt)


State 82

   33 unsigned_constant: IDENTIFIER .

    $default  reduce using rule 33 (unsigned_constant)


State 83

   30 unsigned_constant: UINT .

    $default  reduce using rule 30 (unsigned_constant)


State 84

   31 unsigned_constant: REAL .

    $default  reduce using rule 31 (unsigned_constant)


State 85

   32 unsigned_constant: STRING .

    $default  reduce using rule 32 (unsigned_constant)


State 86

   28 constant: OPER_SIGNADD . UINT
   29         | OPER_SIGNADD . REAL

    UINT  shift, and go to state 127
    REAL  shift, and go to state 128


State 87

   11 block_p2_list: IDENTIFIER EQ constant . SEMICOLON

    SEMICOLON  shift, and go to state 129


State 88

   27 constant: unsigned_constant .

    $default  reduce using rule 27 (constant)


State 89

   10 block_p2_list: block_p2_list IDENTIFIER EQ . constant SEMICOLON

    IDENTIFIER    shift, and go to state 82
    UINT          shift, and go to state 83
    REAL          shift, and go to state 84
    STRING        shift, and go to state 85
    OPER_SIGNADD  shift, and go to state 86

    constant           go to state 130
    unsigned_constant  go to state 88


State 90

   15 block_p3_list: IDENTIFIER EQ . type SEMICOLON

    RECORD      shift, and go to state 131
    IDENTIFIER  shift, and go to state 132

    structured_type_3  go to state 133
    type               go to state 134


State 91

   14 block_p3_list: block_p3_list IDENTIFIER . EQ type SEMICOLON

    EQ  shift, and go to state 135


State 92

   83 identifier_list_1: IDENTIFIER . identifier_next

    COMMA  shift, and go to state 136

    $default  reduce using rule 84 (identifier_next)

    identifier_next  go to state 137


State 93

   17 block_p4_opt: VAR block_p4_list .
   18 block_p4_list: block_p4_list . identifier_list_1 COLON IDENTIFIER SEMICOLON

    IDENTIFIER  shift, and go to state 92

    $default  reduce using rule 17 (block_p4_opt)

    identifier_list_1  go to state 138


State 94

   19 block_p4_list: identifier_list_1 . COLON IDENTIFIER SEMICOLON

    COLON  shift, and go to state 139


State 95

   69 statement: BEGIN statement_list_opt END .

    $default  reduce using rule 69 (statement)


State 96

   54 factor: NOT . factor

    NOT         shift, and go to state 96
    IDENTIFIER  shift, and go to state 97
    UINT        shift, and go to state 98
    REAL        shift, and go to state 99
    STRING      shift, and go to state 100
    LPAR        shift, and go to state 101

    factor    go to state 140
    variable  go to state 104


State 97

   52 factor: IDENTIFIER . factor_parameters_opt
   64 variable: IDENTIFIER . DOT IDENTIFIER

    DOT   shift, and go to state 65
    LPAR  shift, and go to state 66

    $default  reduce using rule 58 (factor_parameters_opt)

    factor_parameters_opt  go to state 141


State 98

   55 factor: UINT .

    $default  reduce using rule 55 (factor)


State 99

   56 factor: REAL .

    $default  reduce using rule 56 (factor)


State 100

   57 factor: STRING .

    $default  reduce using rule 57 (factor)


State 101

   53 factor: LPAR . expression RPAR

    OPER_SIGNADD  shift, and go to state 57

    $default  reduce using rule 34 (pm_opt)

    pm_opt             go to state 58
    expression         go to state 142
    simple_expression  go to state 61


State 102

   43 simple_expression: pm_opt term . simple_expression_next

    OR            shift, and go to state 143
    OPER_SIGNADD  shift, and go to state 144

    $default  reduce using rule 46 (simple_expression_next)

    simple_expression_bin_op  go to state 145
    simple_expression_next    go to state 146


State 103

   48 term: factor . term_next

    OPER_MUL  shift, and go to state 147

    $default  reduce using rule 49 (term_next)

    term_next  go to state 148


State 104

   51 factor: variable .
   63 variable: variable . DOT IDENTIFIER

    DOT  shift, and go to state 70

    $default  reduce using rule 51 (factor)


State 105

   70 statement: IF boolean_expression THEN . statement ELSE statement
   71          | IF boolean_expression THEN . statement

    BEGIN       shift, and go to state 30
    GOTO        shift, and go to state 31
    IF          shift, and go to state 32
    WHILE       shift, and go to state 33
    REPEAT      shift, and go to state 34
    FOR         shift, and go to state 35
    IDENTIFIER  shift, and go to state 36
    UINT        shift, and go to state 37

    variable   go to state 38
    statement  go to state 149
    stmt_1     go to state 42


State 106

   38 expression_cmp: EQ .

    $default  reduce using rule 38 (expression_cmp)


State 107

   39 expression_cmp: OPER_REL .

    $default  reduce using rule 39 (expression_cmp)


State 108

   42 expression_next: expression_cmp . simple_expression

    OPER_SIGNADD  shift, and go to state 57

    $default  reduce using rule 34 (pm_opt)

    pm_opt             go to state 58
    simple_expression  go to state 150


State 109

   40 expression: simple_expression expression_next .

    $default  reduce using rule 40 (expression)


State 110

   72 statement: WHILE boolean_expression DO . statement

    BEGIN       shift, and go to state 30
    GOTO        shift, and go to state 31
    IF          shift, and go to state 32
    WHILE       shift, and go to state 33
    REPEAT      shift, and go to state 34
    FOR         shift, and go to state 35
    IDENTIFIER  shift, and go to state 36
    UINT        shift, and go to state 37

    variable   go to state 38
    statement  go to state 151
    stmt_1     go to state 42


State 111

   73 statement: REPEAT statement_list_opt UNTIL . boolean_expression

    OPER_SIGNADD  shift, and go to state 57

    $default  reduce using rule 34 (pm_opt)

    pm_opt              go to state 58
    boolean_expression  go to state 152
    expression          go to state 60
    simple_expression   go to state 61


State 112

   74 statement: FOR IDENTIFIER ASSIGN . ordinal_expression FOR_DIRECTION ordinal_expression DO statement

    OPER_SIGNADD  shift, and go to state 57

    $default  reduce using rule 34 (pm_opt)

    pm_opt              go to state 58
    ordinal_expression  go to state 153
    expression          go to state 154
    simple_expression   go to state 61


State 113

   64 variable: IDENTIFIER DOT IDENTIFIER .

    $default  reduce using rule 64 (variable)


State 114

   60 real_parameters: expression . real_parameters_next

    COMMA  shift, and go to state 155

    $default  reduce using rule 61 (real_parameters_next)

    real_parameters_next  go to state 156


State 115

   59 factor_parameters_opt: LPAR real_parameters . RPAR

    RPAR  shift, and go to state 157


State 116

   82 stmt_1: IDENTIFIER ASSIGN expression .

    $default  reduce using rule 82 (stmt_1)


State 117

   64 variable: IDENTIFIER . DOT IDENTIFIER
   82 stmt_1: IDENTIFIER . ASSIGN expression

    DOT     shift, and go to state 65
    ASSIGN  shift, and go to state 67


State 118

   65 statement: UINT COLON stmt_1 .

    $default  reduce using rule 65 (statement)


State 119

   63 variable: variable DOT IDENTIFIER .

    $default  reduce using rule 63 (variable)


State 120

   81 stmt_1: variable ASSIGN expression .

    $default  reduce using rule 81 (stmt_1)


State 121

   77 statements: statement SEMICOLON statements .

    $default  reduce using rule 77 (statements)


State 122

  100 var_string_opt: VAR .

    $default  reduce using rule 100 (var_string_opt)


State 123

   96 method_parameters_opt: LPAR formal_parameters . RPAR
   97 formal_parameters: formal_parameters . SEMICOLON var_string_opt identifier_list_1 COLON IDENTIFIER

    SEMICOLON  shift, and go to state 158
    RPAR       shift, and go to state 159


State 124

   98 formal_parameters: var_string_opt . identifier_list_1 COLON IDENTIFIER

    IDENTIFIER  shift, and go to state 92

    identifier_list_1  go to state 160


State 125

   93 procedure_header: PROCEDURE IDENTIFIER method_parameters_opt SEMICOLON .

    $default  reduce using rule 93 (procedure_header)


State 126

   94 function_header: FUNCTION IDENTIFIER method_parameters_opt COLON . IDENTIFIER SEMICOLON

    IDENTIFIER  shift, and go to state 161


State 127

   28 constant: OPER_SIGNADD UINT .

    $default  reduce using rule 28 (constant)


State 128

   29 constant: OPER_SIGNADD REAL .

    $default  reduce using rule 29 (constant)


State 129

   11 block_p2_list: IDENTIFIER EQ constant SEMICOLON .

    $default  reduce using rule 11 (block_p2_list)


State 130

   10 block_p2_list: block_p2_list IDENTIFIER EQ constant . SEMICOLON

    SEMICOLON  shift, and go to state 162


State 131

   88 structured_type_3: RECORD . field_list SEMICOLON END
   89                  | RECORD . field_list END
   90                  | RECORD . END

    END         shift, and go to state 163
    IDENTIFIER  shift, and go to state 92

    identifier_list_1  go to state 164
    field_list         go to state 165


State 132

   91 type: IDENTIFIER .

    $default  reduce using rule 91 (type)


State 133

   92 type: structured_type_3 .

    $default  reduce using rule 92 (type)


State 134

   15 block_p3_list: IDENTIFIER EQ type . SEMICOLON

    SEMICOLON  shift, and go to state 166


State 135

   14 block_p3_list: block_p3_list IDENTIFIER EQ . type SEMICOLON

    RECORD      shift, and go to state 131
    IDENTIFIER  shift, and go to state 132

    structured_type_3  go to state 133
    type               go to state 167


State 136

   85 identifier_next: COMMA . IDENTIFIER identifier_next

    IDENTIFIER  shift, and go to state 168


State 137

   83 identifier_list_1: IDENTIFIER identifier_next .

    $default  reduce using rule 83 (identifier_list_1)


State 138

   18 block_p4_list: block_p4_list identifier_list_1 . COLON IDENTIFIER SEMICOLON

    COLON  shift, and go to state 169


State 139

   19 block_p4_list: identifier_list_1 COLON . IDENTIFIER SEMICOLON

    IDENTIFIER  shift, and go to state 170


State 140

   54 factor: NOT factor .

    $default  reduce using rule 54 (factor)


State 141

   52 factor: IDENTIFIER factor_parameters_opt .

    $default  reduce using rule 52 (factor)


State 142

   53 factor: LPAR expression . RPAR

    RPAR  shift, and go to state 171


State 143

   45 simple_expression_bin_op: OR .

    $default  reduce using rule 45 (simple_expression_bin_op)


State 144

   44 simple_expression_bin_op: OPER_SIGNADD .

    $default  reduce using rule 44 (simple_expression_bin_op)


State 145

   47 simple_expression_next: simple_expression_bin_op . term simple_expression_next

    NOT         shift, and go to state 96
    IDENTIFIER  shift, and go to state 97
    UINT        shift, and go to state 98
    REAL        shift, and go to state 99
    STRING      shift, and go to state 100
    LPAR        shift, and go to state 101

    term      go to state 172
    factor    go to state 103
    variable  go to state 104


State 146

   43 simple_expression: pm_opt term simple_expression_next .

    $default  reduce using rule 43 (simple_expression)


State 147

   50 term_next: OPER_MUL . factor term_next

    NOT         shift, and go to state 96
    IDENTIFIER  shift, and go to state 97
    UINT        shift, and go to state 98
    REAL        shift, and go to state 99
    STRING      shift, and go to state 100
    LPAR        shift, and go to state 101

    factor    go to state 173
    variable  go to state 104


State 148

   48 term: factor term_next .

    $default  reduce using rule 48 (term)


State 149

   70 statement: IF boolean_expression THEN statement . ELSE statement
   71          | IF boolean_expression THEN statement .

    ELSE  shift, and go to state 174

    $default  reduce using rule 71 (statement)


State 150

   42 expression_next: expression_cmp simple_expression .

    $default  reduce using rule 42 (expression_next)


State 151

   72 statement: WHILE boolean_expression DO statement .

    $default  reduce using rule 72 (statement)


State 152

   73 statement: REPEAT statement_list_opt UNTIL boolean_expression .

    $default  reduce using rule 73 (statement)


State 153

   74 statement: FOR IDENTIFIER ASSIGN ordinal_expression . FOR_DIRECTION ordinal_expression DO statement

    FOR_DIRECTION  shift, and go to state 175


State 154

   37 ordinal_expression: expression .

    $default  reduce using rule 37 (ordinal_expression)


State 155

   62 real_parameters_next: COMMA . expression real_parameters_next

    OPER_SIGNADD  shift, and go to state 57

    $default  reduce using rule 34 (pm_opt)

    pm_opt             go to state 58
    expression         go to state 176
    simple_expression  go to state 61


State 156

   60 real_parameters: expression real_parameters_next .

    $default  reduce using rule 60 (real_parameters)


State 157

   59 factor_parameters_opt: LPAR real_parameters RPAR .

    $default  reduce using rule 59 (factor_parameters_opt)


State 158

   97 formal_parameters: formal_parameters SEMICOLON . var_string_opt identifier_list_1 COLON IDENTIFIER

    VAR  shift, and go to state 122

    $default  reduce using rule 99 (var_string_opt)

    var_string_opt  go to state 177


State 159

   96 method_parameters_opt: LPAR formal_parameters RPAR .

    $default  reduce using rule 96 (method_parameters_opt)


State 160

   98 formal_parameters: var_string_opt identifier_list_1 . COLON IDENTIFIER

    COLON  shift, and go to state 178


State 161

   94 function_header: FUNCTION IDENTIFIER method_parameters_opt COLON IDENTIFIER . SEMICOLON

    SEMICOLON  shift, and go to state 179


State 162

   10 block_p2_list: block_p2_list IDENTIFIER EQ constant SEMICOLON .

    $default  reduce using rule 10 (block_p2_list)


State 163

   90 structured_type_3: RECORD END .

    $default  reduce using rule 90 (structured_type_3)


State 164

   87 field_list: identifier_list_1 . COLON IDENTIFIER

    COLON  shift, and go to state 180


State 165

   86 field_list: field_list . SEMICOLON identifier_list_1 COLON IDENTIFIER
   88 structured_type_3: RECORD field_list . SEMICOLON END
   89                  | RECORD field_list . END

    END        shift, and go to state 181
    SEMICOLON  shift, and go to state 182


State 166

   15 block_p3_list: IDENTIFIER EQ type SEMICOLON .

    $default  reduce using rule 15 (block_p3_list)


State 167

   14 block_p3_list: block_p3_list IDENTIFIER EQ type . SEMICOLON

    SEMICOLON  shift, and go to state 183


State 168

   85 identifier_next: COMMA IDENTIFIER . identifier_next

    COMMA  shift, and go to state 136

    $default  reduce using rule 84 (identifier_next)

    identifier_next  go to state 184


State 169

   18 block_p4_list: block_p4_list identifier_list_1 COLON . IDENTIFIER SEMICOLON

    IDENTIFIER  shift, and go to state 185


State 170

   19 block_p4_list: identifier_list_1 COLON IDENTIFIER . SEMICOLON

    SEMICOLON  shift, and go to state 186


State 171

   53 factor: LPAR expression RPAR .

    $default  reduce using rule 53 (factor)


State 172

   47 simple_expression_next: simple_expression_bin_op term . simple_expression_next

    OR            shift, and go to state 143
    OPER_SIGNADD  shift, and go to state 144

    $default  reduce using rule 46 (simple_expression_next)

    simple_expression_bin_op  go to state 145
    simple_expression_next    go to state 187


State 173

   50 term_next: OPER_MUL factor . term_next

    OPER_MUL  shift, and go to state 147

    $default  reduce using rule 49 (term_next)

    term_next  go to state 188


State 174

   70 statement: IF boolean_expression THEN statement ELSE . statement

    BEGIN       shift, and go to state 30
    GOTO        shift, and go to state 31
    IF          shift, and go to state 32
    WHILE       shift, and go to state 33
    REPEAT      shift, and go to state 34
    FOR         shift, and go to state 35
    IDENTIFIER  shift, and go to state 36
    UINT        shift, and go to state 37

    variable   go to state 38
    statement  go to state 189
    stmt_1     go to state 42


State 175

   74 statement: FOR IDENTIFIER ASSIGN ordinal_expression FOR_DIRECTION . ordinal_expression DO statement

    OPER_SIGNADD  shift, and go to state 57

    $default  reduce using rule 34 (pm_opt)

    pm_opt              go to state 58
    ordinal_expression  go to state 190
    expression          go to state 154
    simple_expression   go to state 61


State 176

   62 real_parameters_next: COMMA expression . real_parameters_next

    COMMA  shift, and go to state 155

    $default  reduce using rule 61 (real_parameters_next)

    real_parameters_next  go to state 191


State 177

   97 formal_parameters: formal_parameters SEMICOLON var_string_opt . identifier_list_1 COLON IDENTIFIER

    IDENTIFIER  shift, and go to state 92

    identifier_list_1  go to state 192


State 178

   98 formal_parameters: var_string_opt identifier_list_1 COLON . IDENTIFIER

    IDENTIFIER  shift, and go to state 193


State 179

   94 function_header: FUNCTION IDENTIFIER method_parameters_opt COLON IDENTIFIER SEMICOLON .

    $default  reduce using rule 94 (function_header)


State 180

   87 field_list: identifier_list_1 COLON . IDENTIFIER

    IDENTIFIER  shift, and go to state 194


State 181

   89 structured_type_3: RECORD field_list END .

    $default  reduce using rule 89 (structured_type_3)


State 182

   86 field_list: field_list SEMICOLON . identifier_list_1 COLON IDENTIFIER
   88 structured_type_3: RECORD field_list SEMICOLON . END

    END         shift, and go to state 195
    IDENTIFIER  shift, and go to state 92

    identifier_list_1  go to state 196


State 183

   14 block_p3_list: block_p3_list IDENTIFIER EQ type SEMICOLON .

    $default  reduce using rule 14 (block_p3_list)


State 184

   85 identifier_next: COMMA IDENTIFIER identifier_next .

    $default  reduce using rule 85 (identifier_next)


State 185

   18 block_p4_list: block_p4_list identifier_list_1 COLON IDENTIFIER . SEMICOLON

    SEMICOLON  shift, and go to state 197


State 186

   19 block_p4_list: identifier_list_1 COLON IDENTIFIER SEMICOLON .

    $default  reduce using rule 19 (block_p4_list)


State 187

   47 simple_expression_next: simple_expression_bin_op term simple_expression_next .

    $default  reduce using rule 47 (simple_expression_next)


State 188

   50 term_next: OPER_MUL factor term_next .

    $default  reduce using rule 50 (term_next)


State 189

   70 statement: IF boolean_expression THEN statement ELSE statement .

    $default  reduce using rule 70 (statement)


State 190

   74 statement: FOR IDENTIFIER ASSIGN ordinal_expression FOR_DIRECTION ordinal_expression . DO statement

    DO  shift, and go to state 198


State 191

   62 real_parameters_next: COMMA expression real_parameters_next .

    $default  reduce using rule 62 (real_parameters_next)


State 192

   97 formal_parameters: formal_parameters SEMICOLON var_string_opt identifier_list_1 . COLON IDENTIFIER

    COLON  shift, and go to state 199


State 193

   98 formal_parameters: var_string_opt identifier_list_1 COLON IDENTIFIER .

    $default  reduce using rule 98 (formal_parameters)


State 194

   87 field_list: identifier_list_1 COLON IDENTIFIER .

    $default  reduce using rule 87 (field_list)


State 195

   88 structured_type_3: RECORD field_list SEMICOLON END .

    $default  reduce using rule 88 (structured_type_3)


State 196

   86 field_list: field_list SEMICOLON identifier_list_1 . COLON IDENTIFIER

    COLON  shift, and go to state 200


State 197

   18 block_p4_list: block_p4_list identifier_list_1 COLON IDENTIFIER SEMICOLON .

    $default  reduce using rule 18 (block_p4_list)


State 198

   74 statement: FOR IDENTIFIER ASSIGN ordinal_expression FOR_DIRECTION ordinal_expression DO . statement

    BEGIN       shift, and go to state 30
    GOTO        shift, and go to state 31
    IF          shift, and go to state 32
    WHILE       shift, and go to state 33
    REPEAT      shift, and go to state 34
    FOR         shift, and go to state 35
    IDENTIFIER  shift, and go to state 36
    UINT        shift, and go to state 37

    variable   go to state 38
    statement  go to state 201
    stmt_1     go to state 42


State 199

   97 formal_parameters: formal_parameters SEMICOLON var_string_opt identifier_list_1 COLON . IDENTIFIER

    IDENTIFIER  shift, and go to state 202


State 200

   86 field_list: field_list SEMICOLON identifier_list_1 COLON . IDENTIFIER

    IDENTIFIER  shift, and go to state 203


State 201

   74 statement: FOR IDENTIFIER ASSIGN ordinal_expression FOR_DIRECTION ordinal_expression DO statement .

    $default  reduce using rule 74 (statement)


State 202

   97 formal_parameters: formal_parameters SEMICOLON var_string_opt identifier_list_1 COLON IDENTIFIER .

    $default  reduce using rule 97 (formal_parameters)


State 203

   86 field_list: field_list SEMICOLON identifier_list_1 COLON IDENTIFIER .

    $default  reduce using rule 86 (field_list)
